<?xml version="1.0" encoding="UTF-8"?>
<!-- Generated by org.testng.reporters.JUnitReportReporter -->
<testsuite hostname="DESKTOP-K4LJSUG" failures="0" tests="2" name="testjava.PIMTest" time="3.291" errors="0" timestamp="2023-02-23T14:57:28 IST" skipped="0">
  <testcase classname="testjava.PIMTest" name="verifyPimPageTitle" time="3.014"/>
  <system-out/>
  <testcase classname="testjava.PIMTest" name="empidSearchID" time="0.277"/>
  <system-out/>
</testsuite> <!-- testjava.PIMTest -->
