<?xml version="1.0" encoding="UTF-8"?>
<!-- Generated by org.testng.reporters.JUnitReportReporter -->
<testsuite hostname="DESKTOP-K4LJSUG" failures="0" tests="4" name="testjava.LoginTest" time="5.028" errors="0" timestamp="2023-02-23T14:57:28 IST" skipped="0">
  <testcase classname="testjava.LoginTest" name="verifyBuildTitleName" time="0.144"/>
  <system-out/>
  <testcase classname="testjava.LoginTest" name="verifyTitleofLoginPage" time="0.393"/>
  <system-out/>
  <testcase classname="testjava.LoginTest" name="verifyCurrentUrlOfPage" time="0.023"/>
  <system-out/>
  <testcase classname="testjava.LoginTest" name="verifyloginWithCorrectCrediential" time="4.468"/>
  <system-out/>
</testsuite> <!-- testjava.LoginTest -->
